#
# There is insufficient memory for the Java Runtime Environment to continue.
# Native memory allocation (mmap) failed to map 132120576 bytes for G1 virtual space
# Possible reasons:
#   The system is out of physical RAM or swap space
#   The process is running with CompressedOops enabled, and the Java Heap may be blocking the growth of the native heap
# Possible solutions:
#   Reduce memory load on the system
#   Increase physical memory or swap space
#   Check if swap backing store is full
#   Decrease Java heap size (-Xmx/-Xms)
#   Decrease number of Java threads
#   Decrease Java thread stack sizes (-Xss)
#   Set larger code cache with -XX:ReservedCodeCacheSize=
#   JVM is running with Unscaled Compressed Oops mode in which the Java heap is
#     placed in the first 4GB address space. The Java Heap base address is the
#     maximum limit for the native heap growth. Please use -XX:HeapBaseMinAddress
#     to set the Java Heap base and to place the Java Heap above 4GB virtual address.
# This output file may be truncated or incomplete.
#
#  Out of Memory Error (os_windows.cpp:3536), pid=12692, tid=11184
#
# JRE version:  (19.0.2+7) (build )
# Java VM: OpenJDK 64-Bit Server VM (19.0.2+7-FR, mixed mode, emulated-client, sharing, tiered, compressed oops, compressed class ptrs, g1 gc, windows-amd64)
# No core dump will be written. Minidumps are not enabled by default on client versions of Windows
#

---------------  S U M M A R Y ------------

Command Line: -XX:TieredStopAtLevel=1 -Dspring.output.ansi.enabled=always -Dcom.sun.management.jmxremote -Dspring.jmx.enabled=true -Dspring.liveBeansView.mbeanDomain -Dspring.application.admin.enabled=true -Dmanagement.endpoints.jmx.exposure.include=* -javaagent:C:\Program Files\JetBrains\IntelliJ IDEA 2023.3.4\lib\idea_rt.jar=54662:C:\Program Files\JetBrains\IntelliJ IDEA 2023.3.4\bin -Dfile.encoding=UTF-8 -Dsun.stdout.encoding=UTF-8 -Dsun.stderr.encoding=UTF-8 com.example.AA.AAApplication

Host: Intel(R) Core(TM) i5-7200U CPU @ 2.50GHz, 4 cores, 7G,  Windows 10 , 64 bit Build 19041 (10.0.19041.3636)
Time: Tue Apr  2 14:08:09 2024  Windows 10 , 64 bit Build 19041 (10.0.19041.3636) elapsed time: 0.082059 seconds (0d 0h 0m 0s)

---------------  T H R E A D  ---------------

Current thread (0x000002f828c7a610):  JavaThread "Unknown thread" [_thread_in_vm, id=11184, stack(0x000000fb44f00000,0x000000fb45000000)]

Stack: [0x000000fb44f00000,0x000000fb45000000]
Native frames: (J=compiled Java code, j=interpreted, Vv=VM code, C=native code)
V  [jvm.dll+0x6d034a]
V  [jvm.dll+0x880f10]
V  [jvm.dll+0x88289e]
V  [jvm.dll+0x882f43]
V  [jvm.dll+0x27b4bb]
V  [jvm.dll+0x6cd13a]
V  [jvm.dll+0x6c1d3a]
V  [jvm.dll+0x351969]
V  [jvm.dll+0x359076]
V  [jvm.dll+0x3ad28a]
V  [jvm.dll+0x3ad4cf]
V  [jvm.dll+0x3261ea]
V  [jvm.dll+0x3270a2]
V  [jvm.dll+0x84d530]
V  [jvm.dll+0x3ba241]
V  [jvm.dll+0x82f013]
V  [jvm.dll+0x43a3c3]
V  [jvm.dll+0x43bdf1]
C  [jli.dll+0x519f]
C  [ucrtbase.dll+0x21bb2]
C  [KERNEL32.DLL+0x17344]
C  [ntdll.dll+0x526b1]


---------------  P R O C E S S  ---------------

Threads class SMR info:
_java_thread_list=0x00007ff94819ace8, length=0, elements={
}

Java Threads: ( => current thread )

Other Threads:
  0x000002f828cd77e0 WorkerThread "GC Thread#0" [stack: 0x000000fb45000000,0x000000fb45100000] [id=3396]
  0x000002f828ce8210 ConcurrentGCThread "G1 Main Marker" [stack: 0x000000fb45100000,0x000000fb45200000] [id=8464]
  0x000002f828ce9d00 WorkerThread "G1 Conc#0" [stack: 0x000000fb45200000,0x000000fb45300000] [id=15204]

[error occurred during error reporting (printing all threads), id 0xc0000005, EXCEPTION_ACCESS_VIOLATION (0xc0000005) at pc=0x00007ff9479375f7]

VM state: not at safepoint (not fully initialized)

VM Mutex/Monitor currently owned by a thread:  ([mutex/lock_event])
[0x000002f828c77390] Heap_lock - owner thread: 0x000002f828c7a610

Heap address: 0x0000000082200000, size: 2014 MB, Compressed Oops mode: 32-bit

CDS archive(s) mapped at: [0x0000000000000000-0x0000000000000000-0x0000000000000000), size 0, SharedBaseAddress: 0x0000000800000000, ArchiveRelocationMode: 0.
Narrow klass base: 0x0000000000000000, Narrow klass shift: 0, Narrow klass range: 0x0

GC Precious Log:
 CardTable entry size: 512
 Card Set container configuration: InlinePtr #cards 5 size 8 Array Of Cards #cards 12 size 40 Howl #buckets 4 coarsen threshold 1843 Howl Bitmap #cards 512 size 80 coarsen threshold 460 Card regions per heap region 1 cards per card region 2048

Heap:
 garbage-first heap   total 0K, used 0K [0x0000000082200000, 0x0000000100000000)
  region size 1024K, 0 young (0K), 0 survivors (0K)

[error occurred during error reporting (printing heap information), id 0xc0000005, EXCEPTION_ACCESS_VIOLATION (0xc0000005) at pc=0x00007ff947d28059]

GC Heap History (0 events):
No events

Dll operation events (1 events):
Event: 0.048 Loaded shared library C:\Users\USER\.jdks\corretto-19.0.2\bin\java.dll

Deoptimization events (0 events):
No events

Classes loaded (0 events):
No events

Classes unloaded (0 events):
No events

Classes redefined (0 events):
No events

Internal exceptions (0 events):
No events

VM Operations (0 events):
No events

Events (0 events):
No events


Dynamic libraries:
0x00007ff6cd2d0000 - 0x00007ff6cd2dd000 	C:\Users\USER\.jdks\corretto-19.0.2\bin\java.exe
0x00007ff9a4fb0000 - 0x00007ff9a51a8000 	C:\Windows\SYSTEM32\ntdll.dll
0x00007ff9a4670000 - 0x00007ff9a472d000 	C:\Windows\System32\KERNEL32.DLL
0x00007ff9a2cb0000 - 0x00007ff9a2fa6000 	C:\Windows\System32\KERNELBASE.dll
0x00007ff9a2ab0000 - 0x00007ff9a2bb0000 	C:\Windows\System32\ucrtbase.dll
0x00007ff990a00000 - 0x00007ff990a17000 	C:\Users\USER\.jdks\corretto-19.0.2\bin\jli.dll
0x00007ff98f870000 - 0x00007ff98f885000 	C:\Users\USER\.jdks\corretto-19.0.2\bin\VCRUNTIME140.dll
0x00007ff9a4a40000 - 0x00007ff9a4bde000 	C:\Windows\System32\USER32.dll
0x00007ff9a2fb0000 - 0x00007ff9a2fd2000 	C:\Windows\System32\win32u.dll
0x00007ff9a4790000 - 0x00007ff9a47bb000 	C:\Windows\System32\GDI32.dll
0x00007ff9a2660000 - 0x00007ff9a2777000 	C:\Windows\System32\gdi32full.dll
0x00007ff9a27b0000 - 0x00007ff9a284d000 	C:\Windows\System32\msvcp_win.dll
0x00007ff98d490000 - 0x00007ff98d72a000 	C:\Windows\WinSxS\amd64_microsoft.windows.common-controls_6595b64144ccf1df_6.0.19041.3636_none_60b6a03d71f818d5\COMCTL32.dll
0x00007ff9a47c0000 - 0x00007ff9a485e000 	C:\Windows\System32\msvcrt.dll
0x00007ff9a4260000 - 0x00007ff9a4292000 	C:\Windows\System32\IMM32.DLL
0x00007ff969dc0000 - 0x00007ff969e5b000 	C:\Users\USER\.jdks\corretto-19.0.2\bin\msvcp140.dll
0x00007ff947600000 - 0x00007ff9482d9000 	C:\Users\USER\.jdks\corretto-19.0.2\bin\server\jvm.dll
0x00007ff9a4bf0000 - 0x00007ff9a4ca0000 	C:\Windows\System32\ADVAPI32.dll
0x00007ff9a4ca0000 - 0x00007ff9a4d40000 	C:\Windows\System32\sechost.dll
0x00007ff9a3b10000 - 0x00007ff9a3c35000 	C:\Windows\System32\RPCRT4.dll
0x00007ff9a2780000 - 0x00007ff9a27a7000 	C:\Windows\System32\bcrypt.dll
0x00007ff98d380000 - 0x00007ff98d389000 	C:\Windows\SYSTEM32\WSOCK32.dll
0x00007ff9a4600000 - 0x00007ff9a466b000 	C:\Windows\System32\WS2_32.dll
0x00007ff983cc0000 - 0x00007ff983ce7000 	C:\Windows\SYSTEM32\WINMM.dll
0x00007ff998750000 - 0x00007ff99875a000 	C:\Windows\SYSTEM32\VERSION.dll
0x00007ff9a0e60000 - 0x00007ff9a0e72000 	C:\Windows\SYSTEM32\kernel.appcore.dll
0x00007ff99c0f0000 - 0x00007ff99c0fa000 	C:\Users\USER\.jdks\corretto-19.0.2\bin\jimage.dll
0x00007ff9a0b30000 - 0x00007ff9a0d14000 	C:\Windows\SYSTEM32\DBGHELP.DLL
0x00007ff98b3f0000 - 0x00007ff98b424000 	C:\Windows\SYSTEM32\dbgcore.DLL
0x00007ff9a2bb0000 - 0x00007ff9a2c32000 	C:\Windows\System32\bcryptPrimitives.dll
0x00007ff99c0e0000 - 0x00007ff99c0ee000 	C:\Users\USER\.jdks\corretto-19.0.2\bin\instrument.dll
0x00007ff974700000 - 0x00007ff974726000 	C:\Users\USER\.jdks\corretto-19.0.2\bin\java.dll

dbghelp: loaded successfully - version: 4.0.5 - missing functions: none
symbol engine: initialized successfully - sym options: 0x614 - pdb path: .;C:\Users\USER\.jdks\corretto-19.0.2\bin;C:\Windows\SYSTEM32;C:\Windows\WinSxS\amd64_microsoft.windows.common-controls_6595b64144ccf1df_6.0.19041.3636_none_60b6a03d71f818d5;C:\Users\USER\.jdks\corretto-19.0.2\bin\server

VM Arguments:
jvm_args: -XX:TieredStopAtLevel=1 -Dspring.output.ansi.enabled=always -Dcom.sun.management.jmxremote -Dspring.jmx.enabled=true -Dspring.liveBeansView.mbeanDomain -Dspring.application.admin.enabled=true -Dmanagement.endpoints.jmx.exposure.include=* -javaagent:C:\Program Files\JetBrains\IntelliJ IDEA 2023.3.4\lib\idea_rt.jar=54662:C:\Program Files\JetBrains\IntelliJ IDEA 2023.3.4\bin -Dfile.encoding=UTF-8 -Dsun.stdout.encoding=UTF-8 -Dsun.stderr.encoding=UTF-8 
java_command: com.example.AA.AAApplication
java_class_path (initial): C:\Users\USER\back\build\classes\java\main;C:\Users\USER\back\build\resources\main;C:\Users\USER\.gradle\caches\modules-2\files-2.1\org.projectlombok\lombok\1.18.28\a2ff5da8bcd8b1b26f36b806ced63213362c6dcc\lombok-1.18.28.jar;C:\Users\USER\.gradle\caches\modules-2\files-2.1\org.springframework.boot\spring-boot-starter-mustache\2.7.14-SNAPSHOT\cc847e4b813c373bbf2c6ef266ab05e9e89bf3e7\spring-boot-starter-mustache-2.7.14-SNAPSHOT.jar;C:\Users\USER\.gradle\caches\modules-2\files-2.1\org.springframework.boot\spring-boot-starter-data-jpa\2.7.14-SNAPSHOT\6ae08ba60ed5ed207377eabbafaa586711e8ba88\spring-boot-starter-data-jpa-2.7.14-SNAPSHOT.jar;C:\Users\USER\.gradle\caches\modules-2\files-2.1\org.springframework.boot\spring-boot-starter-security\2.7.14-SNAPSHOT\f2378741fb64d5de380821549cbb115c521f1e40\spring-boot-starter-security-2.7.14-SNAPSHOT.jar;C:\Users\USER\.gradle\caches\modules-2\files-2.1\org.springframework.boot\spring-boot-starter-web\2.7.14-SNAPSHOT\5b50b64f9d94f29efbf5ff03a60cbfc61ab82bc1\spring-boot-starter-web-2.7.14-SNAPSHOT.jar;C:\Users\USER\.gradle\caches\modules-2\files-2.1\org.springframework.boot\spring-boot-starter-validation\2.7.14-SNAPSHOT\75cc245aff20b54d1cd0ade912761e39d225674\spring-boot-starter-validation-2.7.14-SNAPSHOT.jar;C:\Users\USER\.gradle\caches\modules-2\files-2.1\com.googlecode.json-simple\json-simple\1.1.1\c9ad4a0850ab676c5c64461a05ca524cdfff59f1\json-simple-1.1.1.jar;C:\Users\USER\.gradle\caches\modules-2\files-2.1\org.springframework.session\spring-session-jdbc\2.7.2\3c891ed191e2fb71dc7360b5f256c3496b5d7bae\spring-session-jdbc-2.7.2.jar;C:\Users\USER\.gradle\caches\modules-2\files-2.1\javax.servlet\javax.servlet-api\4.0.1\a27082684a2ff0bf397666c3943496c44541d1ca\javax.servlet-api-4.0.1.jar;C:\Users\USER\.gradle\caches\modules-2\files-2.1\javax.xml.bind\jaxb-api\2.3.1\8531ad5ac454cc2deb9d4d32c40c4d7451939b5d\jaxb-api-2.3.1.jar;C:\Users\USER\.gradle\caches\modules-2\files-2.1\org.springframework.boot\spring-boot-starter-oauth2-client\2.7.14-SNAPSHOT\3cba5485ce06e3bd65873c933eab2eb613fd20ba\spring-boot-starter-oauth2-client-2.7.14-SNAPSHOT.jar;C:\Users\USER\.gradle\caches\modules-2\files-2.1\io.springfox\springfox-boot-starter\3.0.0\5486365e263f8acca014b97efa50c3419d58e8f6\springfox-boot-starter-3.0.0.jar;C:\Users\USER\.gradle\caches\modules-2\files-2.1\io.springfox\springfox-swagger-ui\3.0.0\1e665fbe22148f7c36fa8a08e515a0047cd4390b\springfox-swagger-ui-3.0.0.jar;C:\Users\USER\.gradle\caches\modules-2\files-2.1\io.jsonwebtoken\jjwt\0.9.1\54d2abfc3e63a28824d35bf600d6a5d627da681a\jjwt-0.9.1.jar;C:\Users\USER\.gradle\caches\modules-2\files-2.1\org.springframework.boot\spring-boot-starter-data-redis-reactive\2.7.14-SNAPSHOT\25e23dc15294cd47abf5e87ecb30a220b7c97f3c\spring-boot-starter-data-redis-reactive-2.7.14-SNAPSHOT.jar;C:\Users\USER\.gradle\caches\modules-2\files-2.1\org.springframework.boot\spring-boot-starter-data-redis\2.7.14-SNAPSHOT\f43b885cc24430522222acce332829e1e9b840e8\spring-boot-starter-data-redis-2.7.14-SNAPSHOT.jar;C:\Users\USER\.gradle\caches\modules-2\files-2.1\org.springframework.session\spring-session-data-redis\2.7.2\497d822a614f878bcbbc12220b00d4ab9204333c\spring-session-data-redis-2.7.2.jar;C:\Users\USER\.gradle\caches\modules-2\files-2.1\it.ozimov\embedded-redis\0.7.2\17c1e9b1440803434ae52b0ba6782ba055cd4125\embedded-redis-0.7.2.jar;C:\Users\USER\.gradle\caches\modules-2\files-2.1\org.springframework.cloud\spring-cloud-starter-aws\2.2.6.RELEASE\9d7c330b3f4aa477df2db27dd875a0e63a49456\spring-cloud-starter-aws-2.2.6.RELEASE.jar;C:\Users\USER\.gradle\caches\modules-2\files-2.1\com.querydsl\querydsl-jpa\5.0.0\2d66608cb2cbcde56290e49f2918960cc17fcb09\querydsl-jpa-5.0.0.jar;C:\Users\USER\.gradle\caches\modules-2\files-2.1\com.querydsl\querydsl-apt\5.0.0\fa5554c395bdcbe9846242824857a82874ad3223\querydsl-apt-5.0.0.jar;C:\Users\USER\.gradle\caches\modules-2\files-2.1\org.springframework.boot\spring-boot-starter\2.7.14-SNAPSHOT\90c8b110c059c84f717f242cac81c3543d209b6c\spring-boot-starter-2.7.14-SNAPSHOT.jar;C:\Users\USER\.gradle\caches\modules-2\files-2.1\com.samskivert\jmustache\1.15\7b3b15951d13b774c76db2f4e14d977952f8b4d8\jmustache-1.15.jar;C:\Users\USER\.gradle\caches\modules-2\files-2.1\org.springframework.boot\spring-boot-starter-aop\2.7.14-SNAPSHOT\6bf4b0ae7f196f2f97cf1859dbb65189a0ad1605\spring-boot-starter-aop-2.7.14-SNAPSHOT.jar;C:\Users\USER\.gradle\caches\modules-2\files-2.1\org.springframework.boot\spring-boot-starter-jdbc\2.7.14-SNAPSHOT\1a6fc5245f9875f0d1d338e476ae5433a1a82ca5\spring-boot-starter-jdbc-2.7.14-SNAPSHOT.jar;C:\Users\USER\.gradle\caches\modules-2\files-2.1\jakarta.transaction\jakarta.transaction-api\1.3.3\c4179d48720a1e87202115fbed6089bdc4195405\jakarta.transaction-api-1.3.3.jar;C:\Users\USER\.gradle\caches\modules-2\files-2.1\jakarta.persistence\jakarta.persistence-api\2.2.3\8f6ea5daedc614f07a3654a455660145286f024e\jakarta.persistence-api-2.2.3.jar;C:\Users\USER\.gradle\caches\modules-2\files-2.1\org.hibernate\hibernate-core\5.6.15.Final\ab14b7cef1fdff654ca81923048a6034d6c7cfa7\hibernate-core-5.6.15.Final.jar;C:\Users\USER\.gradle\caches\modules-2\files-2.1\org.springframework.data\spring-data-jpa\2.7.14\d5f2e34cce48ed4d668e760db200e854cbbe4d87\spring-data-jpa-2.7.14.jar;C:\Users\USER\.gradle\caches\modules-2\files-2.1\org.springframework\spring-aspects\5.3.29\dbcf1c1ce847b0fb186b5dde18968c9a46900f28\spring-aspects-5.3.29.jar;C:\Users\USER\.gradle\caches\modules-2\files-2.1\org.springframework.security\spring-security-config\5.7.10-SNAPSHOT\6a8f4dd34078b9f7469e0ef015d5936204c868a3\spring-security-config-5.7.10-SNAPSHOT.jar;C:\Users\USER\.gradle\caches\modules-2\files-2.1\org.springframework.security\spring-security-web\5.7.10-SNAPSHOT\e654dc4949c954744d969f29051f3ed16dc48668\spring-security-web-5.7.10-SNAPSHOT.jar;C:\Users\USER\.gradle\caches\modules-2\files-2.1\org.springframework\spring-aop\5.3.29\397c588ce63ba4c185a8c1bd2f1e9139075b3bf1\spring-aop-5.3.29.jar;C:\Users\USER\.gradle\caches\modules-2\files-2.1\org.springframework.boot\spring-boot-starter-json\2.7.14-SNAPSHOT\24f199b04114ba0057c3783d4bc80fddfc992786\spring-boot-starter-json-2.7.14-SNAPSHOT.jar;C:\Users\USER\.gradle\caches\modules-2\files-2.1\org.springframework\spring-webmvc\5.3.29\fdaefee29fcb8459aab748b571d8bb7bb7fdb175\spring-webmvc-5.3.29.jar;C:\Users\USER\.gradle\caches\modules-2\files-2.1\org.springframework.boot\spring-boot-starter-tomcat\2.7.14-SNAPSHOT\3a19fd96cec281ef307e102c54e3aec99f1b2f8e\spring-boot-starter-tomcat-2.7.14-SNAPSHOT.jar;C:\Users\USER\.gradle\caches\modules-2\files-2.1\org.springframework\spring-web\5.3.29\4cd333e48d9a05d05c05ae7426242ecfe4cfb681\spring-web-5.3.29.jar;C:\Users\USER\.gradle\caches\modules-2\files-2.1\org.apache.tomcat.embed\tomcat-embed-el\9.0.78\a39a2f2839516a5d3c05a4c0d7d1252a114a5b91\tomcat-embed-el-9.0.78.jar;C:\Users\USER\.gradle\caches\modules-2\files-2.1\org.hibernate.validator\hibernate-validator\6.2.5.Final\a68959c06e5f8ff45faff469aa16f232c04af620\hibernate-validator-6.2.5.Final.jar;C:\Users\USER\.gradle\caches\modules-2\files-2.1\junit\junit\4.13.2\8ac9e16d933b6fb43bc7f576336b8f4d7eb5ba12\junit-4.13.2.jar;C:\Users\USER\.gradle\caches\modules-2\files-2.1\org.springframework\spring-context\5.3.29\c374a72716d19220ca142efaab910adf5717c5d0\spring-context-5.3.29.jar;C:\Users\USER\.gradle\caches\modules-2\files-2.1\org.springframework.session\spring-session-core\2.7.2\4db7d8fda9a81be74499cd639ac50ce0ba905184\spring-session-core-2.7.2.jar;C:\Users\USER\.gradle\caches\modules-2\files-2.1\org.springframework\spring-jdbc\5.3.29\25c0b36f780af98b2d3b554e9a6258ac599b6115\spring-jdbc-5.3.29.jar;C:\Users\USER\.gradle\caches\modules-2\files-2.1\javax.activation\javax.activation-api\1.2.0\85262acf3ca9816f9537ca47d5adeabaead7cb16\javax.activation-api-1.2.0.jar;C:\Users\USER\.gradle\caches\modules-2\files-2.1\org.springframework.security\spring-security-oauth2-client\5.7.10-SNAPSHOT\23c252336f77baccf6eb7dec77645739262d8d5a\spring-security-oauth2-client-5.7.10-SNAPSHOT.jar;C:\Users\USER\.gradle\caches\modules-2\files-2.1\org.springframework.security\spring-security-oauth2-jose\5.7.10-SNAPSHOT\c6bcf9a3ab8b03051969637994e0d29febae085a\spring-security-oauth2-jose-5.7.10-SNAPSHOT.jar;C:\Users\USER\.gradle\caches\modules-2\files-2.1\org.springframework.security\spring-security-core\5.7.10-SNAPSHOT\695060f4a60bc354f60b3625b669351cf59a3d73\spring-security-core-5.7.10-SNAPSHOT.jar;C:\Users\USER\.gradle\caches\modules-2\files-2.1\io.springfox\springfox-oas\3.0.0\e7bc9c1319cf1b64ae714a249c3db3b8fe01e42b\springfox-oas-3.0.0.jar;C:\Users\USER\.gradle\caches\modules-2\files-2.1\io.springfox\springfox-data-rest\3.0.0\40f5e834d6696ae1d3212fa5a2d5e1ec406bedc0\springfox-data-rest-3.0.0.jar;C:\Users\USER\.gradle\caches\modules-2\files-2.1\io.springfox\springfox-bean-validators\3.0.0\80c646fdebe5f2b2b337a5a686e540fee0b7304f\springfox-bean-validators-3.0.0.jar;C:\Users\USER\.gradle\caches\modules-2\files-2.1\io.springfox\springfox-swagger2\3.0.0\7bcb18d496576eff76ef7bb72684e149cbb75c1d\springfox-swagger2-3.0.0.jar;C:\Users\USER\.gradle\caches\modules-2\files-2.1\org.springframework.plugin\spring-plugin-metadata\2.0.0.RELEASE\6fb3a1fc0f05dc826687b7686ad8a5960ecdd57c\spring-plugin-metadata-2.0.0.RELEASE.jar;C:\Users\USER\.gradle\caches\modules-2\files-2.1\org.springframework.plugin\spring-plugin-core\2.0.0.RELEASE\95fc8c13037630f4aba9c51141f535becec00fe6\spring-plugin-core-2.0.0.RELEASE.jar;C:\Users\USER\.gradle\caches\modules-2\files-2.1\com.fasterxml\classmate\1.5.1\3fe0bed568c62df5e89f4f174c101eab25345b6c\classmate-1.5.1.jar;C:\Users\USER\.gradle\caches\modules-2\files-2.1\org.slf4j\slf4j-api\1.7.36\6c62681a2f655b49963a5983b8b0950a6120ae14\slf4j-api-1.7.36.jar;C:\Users\USER\.gradle\caches\modules-2\files-2.1\com.fasterxml.jackson.core\jackson-databind\2.13.5\aa95e46dbc32454f3983221d420e78ef19ddf844\jackson-databind-2.13.5.jar;C:\Users\USER\.gradle\caches\modules-2\files-2.1\org.springframework.data\spring-data-redis\2.7.14\81508790222efb3e2d06e94b1bdd4f2541c3114\spring-data-redis-2.7.14.jar;C:\Users\USER\.gradle\caches\modules-2\files-2.1\io.lettuce\lettuce-core\6.1.10.RELEASE\46270d00622e48f1084dcda3da81670314456d12\lettuce-core-6.1.10.RELEASE.jar;C:\Users\USER\.gradle\caches\modules-2\files-2.1\com.google.guava\guava\21.0\3a3d111be1be1b745edfa7d91678a12d7ed38709\guava-21.0.jar;C:\Users\USER\.gradle\caches\modules-2\files-2.1\commons-io\commons-io\2.5\2852e6e05fbb95076fc091f6d1780f1f8fe35e0f\commons-io-2.5.jar;C:\Users\USER\.gradle\caches\modules-2\files-2.1\org.springframework.cloud\spring-cloud-aws-autoconfigure\2.2.6.RELEASE\e443d11a6714e24da9f57c18f55a122836f68483\spring-cloud-aws-autoconfigure-2.2.6.RELEASE.jar;C:\Users\USER\.gradle\caches\modules-2\files-2.1\org.springframework.cloud\spring-cloud-aws-context\2.2.6.RELEASE\e26fddbe55135d8ff23e9620e22eda649f5772ea\spring-cloud-aws-context-2.2.6.RELEASE.jar;C:\Users\USER\.gradle\caches\modules-2\files-2.1\com.querydsl\querydsl-core\5.0.0\7a469f78b7a89bae429f17766fb92687d0ab9e5b\querydsl-core-5.0.0.jar;C:\Users\USER\.gradle\caches\modules-2\files-2.1\com.querydsl\querydsl-codegen\5.0.0\d690e92300f528e4161307b286f76aeaf348e2fb\querydsl-codegen-5.0.0.jar;C:\Users\USER\.gradle\caches\modules-2\files-2.1\org.springframework.boot\spring-boot-autoconfigure\2.7.14-SNAPSHOT\54cbf36b505933c3d2490135e66229ffb2310bb0\spring-boot-autoconfigure-2.7.14-SNAPSHOT.jar;C:\Users\USER\.gradle\caches\modules-2\files-2.1\org.springframework.boot\spring-boot\2.7.14-SNAPSHOT\3d95f15b0df26cdd6cd0ce31d851eb25bc41ddd4\spring-boot-2.7.14-SNAPSHOT.jar;C:\Users\USER\.gradle\caches\modules-2\files-2.1\org.springframework.boot\spring-boot-starter-logging\2.7.14-SNAPSHOT\adf0755985c807417263993adce23b38e41f91f0\spring-boot-starter-logging-2.7.14-SNAPSHOT.jar;C:\Users\USER\.gradle\caches\modules-2\files-2.1\jakarta.annotation\jakarta.annotation-api\1.3.5\59eb84ee0d616332ff44aba065f3888cf002cd2d\jakarta.annotation-api-1.3.5.jar;C:\Users\USER\.gradle\caches\modules-2\files-2.1\org.springframework\spring-core\5.3.29\528eafe4cef7bccf3df290dd99ac5833a9756183\spring-core-5.3.29.jar;C:\Users\USER\.gradle\caches\modules-2\files-2.1\org.yaml\snakeyaml\1.30\8fde7fe2586328ac3c68db92045e1c8759125000\snakeyaml-1.30.jar;C:\Users\USER\.gradle\caches\modules-2\files-2.1\org.aspectj\aspectjweaver\1.9.7\158f5c255cd3e4408e795b79f7c3fbae9b53b7ca\aspectjweaver-1.9.7.jar;C:\Users\USER\.gradle\caches\modules-2\files-2.1\com.zaxxer\HikariCP\4.0.3\107cbdf0db6780a065f895ae9d8fbf3bb0e1c21f\HikariCP-4.0.3.jar;C:\Users\USER\.gradle\caches\modules-2\files-2.1\org.hibernate.common\hibernate-commons-annotations\5.1.2.Final\e59ffdbc6ad09eeb33507b39ffcf287679a498c8\hibernate-commons-annotations-5.1.2.Final.jar;C:\Users\USER\.gradle\caches\modules-2\files-2.1\org.jboss.logging\jboss-logging\3.4.3.Final\c4bd7e12a745c0e7f6cf98c45cdcdf482fd827ea\jboss-logging-3.4.3.Final.jar;C:\Users\USER\.gradle\caches\modules-2\files-2.1\net.bytebuddy\byte-buddy\1.12.23\d470526e8c4566c04e9ae5d3ccb62d1a7aa58986\byte-buddy-1.12.23.jar;C:\Users\USER\.gradle\caches\modules-2\files-2.1\antlr\antlr\2.7.7\83cd2cd674a217ade95a4bb83a8a14f351f48bd0\antlr-2.7.7.jar;C:\Users\USER\.gradle\caches\modules-2\files-2.1\org.jboss\jandex\2.4.2.Final\1e1c385990b258ff1a24c801e84aebbacf70eb39\jandex-2.4.2.Final.jar;C:\Users\USER\.gradle\caches\modules-2\files-2.1\org.glassfish.jaxb\jaxb-runtime\2.3.8\c90a335a07c60db986f29d35b0f8ac0a18f0f989\jaxb-runtime-2.3.8.jar;C:\Users\USER\.gradle\caches\modules-2\files-2.1\org.springframework\spring-orm\5.3.29\83953e2af9c1848227239b4695c7596a0f112da3\spring-orm-5.3.29.jar;C:\Users\USER\.gradle\caches\modules-2\files-2.1\org.springframework.data\spring-data-commons\2.7.14\c8c4825d930c9615bc7c9b42f433c9c14761fcaa\spring-data-commons-2.7.14.jar;C:\Users\USER\.gradle\caches\modules-2\files-2.1\org.springframework\spring-tx\5.3.29\dd26c6e31db036c3f96c24e8ff3b769a00dfc999\spring-tx-5.3.29.jar;C:\Users\USER\.gradle\caches\modules-2\files-2.1\org.springframework\spring-beans\5.3.29\be40f557f3fa52c703f00e127ff639f8cf499617\spring-beans-5.3.29.jar;C:\Users\USER\.gradle\caches\modules-2\files-2.1\org.springframework\spring-expression\5.3.29\44ac795a057c4a6360063801c54a2d148e5a2808\spring-expression-5.3.29.jar;C:\Users\USER\.gradle\caches\modules-2\files-2.1\com.fasterxml.jackson.datatype\jackson-datatype-jsr310\2.13.5\8ba3b868e81d7fc6ead686bd2353859b111d9eaf\jackson-datatype-jsr310-2.13.5.jar;C:\Users\USER\.gradle\caches\modules-2\files-2.1\com.fasterxml.jackson.module\jackson-module-parameter-names\2.13.5\a401a99e7a45450fd3ef76e82ba39005fd1a8c22\jackson-module-parameter-names-2.13.5.jar;C:\Users\USER\.gradle\caches\modules-2\files-2.1\com.fasterxml.jackson.datatype\jackson-datatype-jdk8\2.13.5\1278f38160812811c56eb77f67213662ed1c7a2e\jackson-datatype-jdk8-2.13.5.jar;C:\Users\USER\.gradle\caches\modules-2\files-2.1\org.apache.tomcat.embed\tomcat-embed-websocket\9.0.78\3d389e849edf92d5bc6a778a47428581773af3d6\tomcat-embed-websocket-9.0.78.jar;C:\Users\USER\.gradle\caches\modules-2\files-2.1\org.apache.tomcat.embed\tomcat-embed-core\9.0.78\ff73a2003d4b066b9affdc70827f6e8d282ab723\tomcat-embed-core-9.0.78.jar;C:\Users\USER\.gradle\caches\modules-2\files-2.1\jakarta.validation\jakarta.validation-api\2.0.2\5eacc6522521f7eacb081f95cee1e231648461e7\jakarta.validation-api-2.0.2.jar;C:\Users\USER\.gradle\caches\modules-2\files-2.1\org.hamcrest\hamcrest-core\2.2\3f2bd07716a31c395e2837254f37f21f0f0ab24b\hamcrest-core-2.2.jar;C:\Users\USER\.gradle\caches\modules-2\files-2.1\org.springframework\spring-jcl\5.3.29\4f84fbeec60adb1a50734b6077836e53844f0134\spring-jcl-5.3.29.jar;C:\Users\USER\.gradle\caches\modules-2\files-2.1\org.springframework.security\spring-security-oauth2-core\5.7.10-SNAPSHOT\501e46bcd1f26ca6dd5ed6a1e532c43ff31b6d86\spring-security-oauth2-core-5.7.10-SNAPSHOT.jar;C:\Users\USER\.gradle\caches\modules-2\files-2.1\com.nimbusds\oauth2-oidc-sdk\9.35\7bfdf91bc4ae265f6c49a367bc0ed0e47d0e3a97\oauth2-oidc-sdk-9.35.jar;C:\Users\USER\.gradle\caches\modules-2\files-2.1\com.nimbusds\nimbus-jose-jwt\9.22\bed63628cd31d8641c5a1b29609a965179ef91ec\nimbus-jose-jwt-9.22.jar;C:\Users\USER\.gradle\caches\modules-2\files-2.1\org.springframework.security\spring-security-crypto\5.7.10-SNAPSHOT\f086d72f718d2ee6c712c65b935e3119d6d7a59a\spring-security-crypto-5.7.10-SNAPSHOT.jar;C:\Users\USER\.gradle\caches\modules-2\files-2.1\io.springfox\springfox-swagger-common\3.0.0\2e2fae840984cfcabfd50e1b4b1c23422135ba12\springfox-swagger-common-3.0.0.jar;C:\Users\USER\.gradle\caches\modules-2\files-2.1\io.springfox\springfox-spring-webmvc\3.0.0\7ed22363fdfd651cd811c0b2391f16bddb91db8b\springfox-spring-webmvc-3.0.0.jar;C:\Users\USER\.gradle\caches\modules-2\files-2.1\io.springfox\springfox-spring-web\3.0.0\a76f2fbe805bfd2798e20dc8f2cfbfad554d52da\springfox-spring-web-3.0.0.jar;C:\Users\USER\.gradle\caches\modules-2\files-2.1\io.springfox\springfox-schema\3.0.0\32c5d6965617830ef6480fadb9030008945bcd9c\springfox-schema-3.0.0.jar;C:\Users\USER\.gradle\caches\modules-2\files-2.1\io.springfox\springfox-spi\3.0.0\bae0b820d4b5a922063d34a42aaf4f763308b828\springfox-spi-3.0.0.jar;C:\Users\USER\.gradle\caches\modules-2\files-2.1\io.springfox\springfox-core\3.0.0\7c3367ce577c8acd9bf64c74488c9269253516c9\springfox-core-3.0.0.jar;C:\Users\USER\.gradle\caches\modules-2\files-2.1\io.springfox\springfox-spring-webflux\3.0.0\efccbcfe1d23f2ba520bd87cc156bf2b81f3568e\springfox-spring-webflux-3.0.0.jar;C:\Users\USER\.gradle\caches\modules-2\files-2.1\io.swagger.core.v3\swagger-models\2.1.2\e7edeed6456a16d707542c003af03a594ecafe3a\swagger-models-2.1.2.jar;C:\Users\USER\.gradle\caches\modules-2\files-2.1\io.swagger.core.v3\swagger-annotations\2.1.2\d407a33aa71444802c640080eb4d5f499b027f96\swagger-annotations-2.1.2.jar;C:\Users\USER\.gradle\caches\modules-2\files-2.1\io.swagger\swagger-models\1.5.20\fb3a23bad80c5ed84db9dd150db2cba699531458\swagger-models-1.5.20.jar;C:\Users\USER\.gradle\caches\modules-2\files-2.1\io.swagger\swagger-annotations\1.5.20\16051f93ce11ca489a5313775d825f82fcc2cd6c\swagger-annotations-1.5.20.jar;C:\Users\USER\.gradle\caches\modules-2\files-2.1\com.fasterxml.jackson.core\jackson-annotations\2.13.5\136f77ab424f302c9e27230b4482e8000e142edf\jackson-annotations-2.13.5.jar;C:\Users\USER\.gradle\caches\modules-2\files-2.1\com.fasterxml.jackson.core\jackson-core\2.13.5\d07c97d3de9ea658caf1ff1809fd9de930a286a\jackson-core-2.13.5.jar;C:\Users\USER\.gradle\caches\modules-2\files-2.1\org.springframework.data\spring-data-keyvalue\2.7.14\f506443b35a2b7f333dc083194ea307121f8ed34\spring-data-keyvalue-2.7.14.jar;C:\Users\USER\.gradle\caches\modules-2\files-2.1\org.springframework\spring-context-support\5.3.29\49e4290bbf62177c3323365fbb4a16adb06095a5\spring-context-support-5.3.29.jar;C:\Users\USER\.gradle\caches\modules-2\files-2.1\org.springframework\spring-oxm\5.3.29\c1da6a6aaab755813df4f490b4a7cdf917fbe62e\spring-oxm-5.3.29.jar;C:\Users\USER\.gradle\caches\modules-2\files-2.1\io.netty\netty-handler\4.1.94.Final\cd9121ce24d6d3f2898946d04b0ef3ec548b00b4\netty-handler-4.1.94.Final.jar;C:\Users\USER\.gradle\caches\modules-2\files-2.1\io.netty\netty-transport\4.1.94.Final\ec783a737f96991a87b1d5794e2f9eb2024d708a\netty-transport-4.1.94.Final.jar;C:\Users\USER\.gradle\caches\modules-2\files-2.1\io.netty\netty-common\4.1.94.Final\ad4ecf779ebc794cd351f57792f56ea01387b868\netty-common-4.1.94.Final.jar;C:\Users\USER\.gradle\caches\modules-2\files-2.1\io.projectreactor\reactor-core\3.4.31\460688fd4a0e23a5961a9ede720c459690cadd12\reactor-core-3.4.31.jar;C:\Users\USER\.gradle\caches\modules-2\files-2.1\org.springframework.cloud\spring-cloud-aws-core\2.2.6.RELEASE\34b42c1a931b1cb32750a33dfaa19fcbc9828b05\spring-cloud-aws-core-2.2.6.RELEASE.jar;C:\Users\USER\.gradle\caches\modules-2\files-2.1\com.mysema.commons\mysema-commons-lang\0.2.4\d09c8489d54251a6c22fbce804bdd4a070557317\mysema-commons-lang-0.2.4.jar;C:\Users\USER\.gradle\caches\modules-2\files-2.1\com.querydsl\codegen-utils\5.0.0\ff8a2ebbc3a317715de0ce2856c2024534d18a1a\codegen-utils-5.0.0.jar;C:\Users\USER\.gradle\caches\modules-2\files-2.1\javax.inject\javax.inject\1\6975da39a7040257bd51d21a231b76c915872d38\javax.inject-1.jar;C:\Users\USER\.gradle\caches\modules-2\files-2.1\io.github.classgraph\classgraph\4.8.108\1c175d4ce7a1fa67463bad731f37f1a284dab790\classgraph-4.8.108.jar;C:\Users\USER\.gradle\caches\modules-2\files-2.1\ch.qos.logback\logback-classic\1.2.12\d4dee19148dccb177a0736eb2027bd195341da78\logback-classic-1.2.12.jar;C:\Users\USER\.gradle\caches\modules-2\files-2.1\org.apache.logging.log4j\log4j-to-slf4j\2.17.2\17dd0fae2747d9a28c67bc9534108823d2376b46\log4j-to-slf4j-2.17.2.jar;C:\Users\USER\.gradle\caches\modules-2\files-2.1\org.slf4j\jul-to-slf4j\1.7.36\ed46d81cef9c412a88caef405b58f93a678ff2ca\jul-to-slf4j-1.7.36.jar;C:\Users\USER\.gradle\caches\modules-2\files-2.1\jakarta.xml.bind\jakarta.xml.bind-api\2.3.3\48e3b9cfc10752fba3521d6511f4165bea951801\jakarta.xml.bind-api-2.3.3.jar;C:\Users\USER\.gradle\caches\modules-2\files-2.1\org.glassfish.jaxb\txw2\2.3.8\66e0297f1196f0d15a776e699de1b8e6ac5d44dd\txw2-2.3.8.jar;C:\Users\USER\.gradle\caches\modules-2\files-2.1\com.sun.istack\istack-commons-runtime\3.0.12\cbbe1a62b0cc6c85972e99d52aaee350153dc530\istack-commons-runtime-3.0.12.jar;C:\Users\USER\.gradle\caches\modules-2\files-2.1\org.hamcrest\hamcrest\2.2\1820c0968dba3a11a1b30669bb1f01978a91dedc\hamcrest-2.2.jar;C:\Users\USER\.gradle\caches\modules-2\files-2.1\com.github.stephenc.jcip\jcip-annotations\1.0-1\ef31541dd28ae2cefdd17c7ebf352d93e9058c63\jcip-annotations-1.0-1.jar;C:\Users\USER\.gradle\caches\modules-2\files-2.1\com.nimbusds\content-type\2.2\9a894bce7646dd4086652d85b88013229f23724b\content-type-2.2.jar;C:\Users\USER\.gradle\caches\modules-2\files-2.1\net.minidev\json-smart\2.4.11\cc5888f14a5768f254b97bafe8b9fd29b31e872e\json-smart-2.4.11.jar;C:\Users\USER\.gradle\caches\modules-2\files-2.1\com.nimbusds\lang-tag\1.6\ba96ae591bf885f130a772794f07209e2bdb9fb5\lang-tag-1.6.jar;C:\Users\USER\.gradle\caches\modules-2\files-2.1\io.netty\netty-transport-native-unix-common\4.1.94.Final\3fa5f9d04b6b782d869d6e0657d896eeadca5866\netty-transport-native-unix-common-4.1.94.Final.jar;C:\Users\USER\.gradle\caches\modules-2\files-2.1\io.netty\netty-codec\4.1.94.Final\c70ef20ca338558147887df60f46341bc47f6900\netty-codec-4.1.94.Final.jar;C:\Users\USER\.gradle\caches\modules-2\files-2.1\io.netty\netty-resolver\4.1.94.Final\e96f649e8e9dcb29a1f8e95328b99c9eb6cf76c2\netty-resolver-4.1.94.Final.jar;C:\Users\USER\.gradle\caches\modules-2\files-2.1\io.netty\netty-buffer\4.1.94.Final\eec248b26f16e888688e5bb37b7eeda76b78d2f7\netty-buffer-4.1.94.Final.jar;C:\Users\USER\.gradle\caches\modules-2\files-2.1\org.reactivestreams\reactive-streams\1.0.4\3864a1320d97d7b045f729a326e1e077661f31b7\reactive-streams-1.0.4.jar;C:\Users\USER\.gradle\caches\modules-2\files-2.1\com.amazonaws\aws-java-sdk-s3\1.11.792\e30d3f0aa9ac2ca0d8c16f94344cbac4b121b3f5\aws-java-sdk-s3-1.11.792.jar;C:\Users\USER\.gradle\caches\modules-2\files-2.1\com.amazonaws\aws-java-sdk-ec2\1.11.792\48da18a2cf90a25ccd957730555f675d3c307618\aws-java-sdk-ec2-1.11.792.jar;C:\Users\USER\.gradle\caches\modules-2\files-2.1\com.amazonaws\aws-java-sdk-cloudformation\1.11.792\8062fe8b90d491eb6edea432cfcdc12c17ab613d\aws-java-sdk-cloudformation-1.11.792.jar;C:\Users\USER\.gradle\caches\modules-2\files-2.1\com.amazonaws\aws-java-sdk-core\1.11.792\637fb072aa9c4be658e1d1e2a3df727a25c05b59\aws-java-sdk-core-1.11.792.jar;C:\Users\USER\.gradle\caches\modules-2\files-2.1\org.eclipse.jdt\ecj\3.26.0\4837be609a3368a0f7e7cf0dc1bdbc7fe94993de\ecj-3.26.0.jar;C:\Users\USER\.gradle\caches\modules-2\files-2.1\ch.qos.logback\logback-core\1.2.12\1d8e51a698b138065d73baefb4f94531faa323cb\logback-core-1.2.12.jar;C:\Users\USER\.gradle\caches\modules-2\files-2.1\org.apache.logging.log4j\log4j-api\2.17.2\f42d6afa111b4dec5d2aea0fe2197240749a4ea6\log4j-api-2.17.2.jar;C:\Users\USER\.gradle\caches\modules-2\files-2.1\net.minidev\accessors-smart\2.4.11\245ceca7bdf3190fbb977045c852d5f3c8efece1\accessors-smart-2.4.11.jar;C:\Users\USER\.gradle\caches\modules-2\files-2.1\com.amazonaws\aws-java-sdk-kms\1.11.792\f1be0a48b97061850387a0c25a462a2b21d0fec0\aws-java-sdk-kms-1.11.792.jar;C:\Users\USER\.gradle\caches\modules-2\files-2.1\com.amazonaws\jmespath-java\1.11.792\5eaebefdfa6ba75713b37cd16988de9c2ffd0ebe\jmespath-java-1.11.792.jar;C:\Users\USER\.gradle\caches\modules-2\files-2.1\com.fasterxml.jackson.dataformat\jackson-dataformat-cbor\2.13.5\76f77a8427bf8f387cfdae5773cc5bec8cc4f604\jackson-dataformat-cbor-2.13.5.jar;C:\Users\USER\.gradle\caches\modules-2\files-2.1\org.apache.httpcomponents\httpclient\4.5.14\1194890e6f56ec29177673f2f12d0b8e627dec98\httpclient-4.5.14.jar;C:\Users\USER\.gradle\caches\modules-2\files-2.1\software.amazon.ion\ion-java\1.0.2\ee9dacea7726e495f8352b81c12c23834ffbc564\ion-java-1.0.2.jar;C:\Users\USER\.gradle\caches\modules-2\files-2.1\joda-time\joda-time\2.8.1\f5bfc718c95a7b1d3c371bb02a188a4df18361a9\joda-time-2.8.1.jar;C:\Users\USER\.gradle\caches\modules-2\files-2.1\org.ow2.asm\asm\9.3\8e6300ef51c1d801a7ed62d07cd221aca3a90640\asm-9.3.jar;C:\Users\USER\.gradle\caches\modules-2\files-2.1\org.apache.httpcomponents\httpcore\4.4.16\51cf043c87253c9f58b539c9f7e44c8894223850\httpcore-4.4.16.jar;C:\Users\USER\.gradle\caches\modules-2\files-2.1\commons-codec\commons-codec\1.15\49d94806b6e3dc933dacbd8acb0fdbab8ebd1e5d\commons-codec-1.15.jar;C:\Users\USER\.gradle\caches\modules-2\files-2.1\com.mysql\mysql-connector-j\8.0.33\9e64d997873abc4318620264703d3fdb6b02dd5a\mysql-connector-j-8.0.33.jar;C:\Users\USER\.gradle\caches\modules-2\files-2.1\org.mapstruct\mapstruct\1.3.1.Final\6ab184bbc7a7029738277a244e4c535fcdc3f558\mapstruct-1.3.1.Final.jar;C:\Users\USER\.gradle\caches\modules-2\files-2.1\com.sun.activation\jakarta.activation\1.2.2\74548703f9851017ce2f556066659438019e7eb5\jakarta.activation-1.2.2.jar
Launcher Type: SUN_STANDARD

[Global flags]
     intx CICompilerCount                          = 3                                         {product} {ergonomic}
     uint ConcGCThreads                            = 1                                         {product} {ergonomic}
     uint G1ConcRefinementThreads                  = 4                                         {product} {ergonomic}
   size_t G1HeapRegionSize                         = 1048576                                   {product} {ergonomic}
    uintx GCDrainStackTargetSize                   = 64                                        {product} {ergonomic}
   size_t InitialHeapSize                          = 132120576                                 {product} {ergonomic}
     bool ManagementServer                         = true                                      {product} {command line}
   size_t MarkStackSize                            = 4194304                                   {product} {ergonomic}
   size_t MaxHeapSize                              = 2111832064                                {product} {ergonomic}
   size_t MinHeapDeltaBytes                        = 1048576                                   {product} {ergonomic}
   size_t MinHeapSize                              = 8388608                                   {product} {ergonomic}
    uintx NonProfiledCodeHeapSize                  = 0                                      {pd product} {ergonomic}
     bool ProfileInterpreter                       = false                                  {pd product} {command line}
    uintx ProfiledCodeHeapSize                     = 0                                      {pd product} {ergonomic}
   size_t SoftMaxHeapSize                          = 2111832064                             {manageable} {ergonomic}
     intx TieredStopAtLevel                        = 1                                         {product} {command line}
     bool UseCompressedClassPointers               = true                           {product lp64_product} {ergonomic}
     bool UseCompressedOops                        = true                           {product lp64_product} {ergonomic}
     bool UseG1GC                                  = true                                      {product} {ergonomic}
     bool UseLargePagesIndividualAllocation        = false                                  {pd product} {ergonomic}

Logging:
Log output configuration:
 #0: stdout all=warning uptime,level,tags foldmultilines=false
 #1: stderr all=off uptime,level,tags foldmultilines=false

Environment Variables:
PATH=C:\Program Files (x86)\Intel\iCLS Client\;C:\Program Files\Intel\iCLS Client\;C:\Windows\system32;C:\Windows;C:\Windows\System32\Wbem;C:\Windows\System32\WindowsPowerShell\v1.0\;C:\Windows\System32\OpenSSH\;C:\Program Files (x86)\Intel\Intel(R) Management Engine Components\DAL;C:\Program Files\Intel\Intel(R) Management Engine Components\DAL;C:\Program Files (x86)\Intel\Intel(R) Management Engine Components\IPT;C:\Program Files\Intel\Intel(R) Management Engine Components\IPT;C:\Program Files\Git\cmd;C:\Program Files\Docker\Docker\resources\bin;C:\Users\USER\AppData\Local\Programs\Python\Python311\Scripts\;C:\Users\USER\AppData\Local\Programs\Python\Python311\;C:\Users\USER\AppData\Local\Microsoft\WindowsApps;;C:\Program Files\JetBrains\IntelliJ IDEA 2023.3.4\bin;;C:\Users\USER\AppData\Local\Programs\Microsoft VS Code\bin
USERNAME=USER
OS=Windows_NT
PROCESSOR_IDENTIFIER=Intel64 Family 6 Model 142 Stepping 9, GenuineIntel
TMP=C:\Users\USER\AppData\Local\Temp
TEMP=C:\Users\USER\AppData\Local\Temp



---------------  S Y S T E M  ---------------

OS:
 Windows 10 , 64 bit Build 19041 (10.0.19041.3636)
OS uptime: 7 days 16:11 hours
Hyper-V role detected

CPU: total 4 (initial active 4) (2 cores per cpu, 2 threads per core) family 6 model 142 stepping 9 microcode 0xb4, cx8, cmov, fxsr, ht, mmx, 3dnowpref, sse, sse2, sse3, ssse3, sse4.1, sse4.2, popcnt, lzcnt, tsc, tscinvbit, avx, avx2, aes, erms, clmul, bmi1, bmi2, adx, fma, vzeroupper, clflush, clflushopt, hv, rdtscp

Memory: 4k page, system-wide physical 8051M (353M free)
TotalPageFile size 32627M (AvailPageFile size 8M)
current process WorkingSet (physical memory assigned to process): 11M, peak: 11M
current process commit charge ("private bytes"): 47M, peak: 173M

vm_info: OpenJDK 64-Bit Server VM (19.0.2+7-FR) for windows-amd64 JRE (19.0.2+7-FR), built on Jan 13 2023 22:53:32 by "Administrator" with MS VC++ 15.9 (VS2017)

END.
